/home/prp/thesis/thesis_ws/install/yolo_detection/lib/python3.10/site-packages/yolo_detection/__init__.py
/home/prp/thesis/thesis_ws/install/yolo_detection/lib/python3.10/site-packages/yolo_detection/vision_detector.py
/home/prp/thesis/thesis_ws/install/yolo_detection/lib/python3.10/site-packages/yolo_detection/fake_image_source_node.py
/home/prp/thesis/thesis_ws/install/yolo_detection/lib/python3.10/site-packages/yolo_detection/__pycache__/__init__.cpython-310.pyc
/home/prp/thesis/thesis_ws/install/yolo_detection/lib/python3.10/site-packages/yolo_detection/__pycache__/vision_detector.cpython-310.pyc
/home/prp/thesis/thesis_ws/install/yolo_detection/lib/python3.10/site-packages/yolo_detection/__pycache__/fake_image_source_node.cpython-310.pyc
/home/prp/thesis/thesis_ws/install/yolo_detection/share/ament_index/resource_index/packages/yolo_detection
/home/prp/thesis/thesis_ws/install/yolo_detection/share/yolo_detection/package.xml
/home/prp/thesis/thesis_ws/install/yolo_detection/share/yolo_detection/models/best_full_integer_quant.tflite
/home/prp/thesis/thesis_ws/install/yolo_detection/share/yolo_detection/launch/vision_detector.launch.py
/home/prp/thesis/thesis_ws/install/yolo_detection/share/yolo_detection/launch/fake_image_source.launch.py
/home/prp/thesis/thesis_ws/install/yolo_detection/share/yolo_detection/config/vision_detector.yaml
/home/prp/thesis/thesis_ws/install/yolo_detection/share/yolo_detection/config/fake_image_source.yaml
/home/prp/thesis/thesis_ws/install/yolo_detection/share/yolo_detection/pictures/drone.jpg
/home/prp/thesis/thesis_ws/install/yolo_detection/lib/python3.10/site-packages/yolo_detection-0.0.0-py3.10.egg-info/entry_points.txt
/home/prp/thesis/thesis_ws/install/yolo_detection/lib/python3.10/site-packages/yolo_detection-0.0.0-py3.10.egg-info/dependency_links.txt
/home/prp/thesis/thesis_ws/install/yolo_detection/lib/python3.10/site-packages/yolo_detection-0.0.0-py3.10.egg-info/requires.txt
/home/prp/thesis/thesis_ws/install/yolo_detection/lib/python3.10/site-packages/yolo_detection-0.0.0-py3.10.egg-info/top_level.txt
/home/prp/thesis/thesis_ws/install/yolo_detection/lib/python3.10/site-packages/yolo_detection-0.0.0-py3.10.egg-info/PKG-INFO
/home/prp/thesis/thesis_ws/install/yolo_detection/lib/python3.10/site-packages/yolo_detection-0.0.0-py3.10.egg-info/SOURCES.txt
/home/prp/thesis/thesis_ws/install/yolo_detection/lib/python3.10/site-packages/yolo_detection-0.0.0-py3.10.egg-info/zip-safe
/home/prp/thesis/thesis_ws/install/yolo_detection/lib/yolo_detection/fake_image_source_node
/home/prp/thesis/thesis_ws/install/yolo_detection/lib/yolo_detection/vision_detector
