[30.030s] Invoking command in '/home/prp/thesis/thesis_ws/src/decision_layer': PYTHONPATH=/home/prp/thesis/thesis_ws/build/decision_layer/prefix_override:/usr/lib/python3/dist-packages/colcon_core/task/python/colcon_distutils_commands:/home/prp/thesis/thesis_ws/install/decision_layer/lib/python3.10/site-packages:${PYTHONPATH} /usr/bin/python3 -W ignore:setup.py install is deprecated -W ignore:easy_install command is deprecated setup.py egg_info --egg-base ../../build/decision_layer build --build-base /home/prp/thesis/thesis_ws/build/decision_layer/build install --record /home/prp/thesis/thesis_ws/build/decision_layer/install.log --single-version-externally-managed install_data
[30.138s] running egg_info
[30.138s] writing ../../build/decision_layer/decision_layer.egg-info/PKG-INFO
[30.138s] writing dependency_links to ../../build/decision_layer/decision_layer.egg-info/dependency_links.txt
[30.138s] writing entry points to ../../build/decision_layer/decision_layer.egg-info/entry_points.txt
[30.138s] writing requirements to ../../build/decision_layer/decision_layer.egg-info/requires.txt
[30.139s] writing top-level names to ../../build/decision_layer/decision_layer.egg-info/top_level.txt
[30.140s] reading manifest file '../../build/decision_layer/decision_layer.egg-info/SOURCES.txt'
[30.141s] writing manifest file '../../build/decision_layer/decision_layer.egg-info/SOURCES.txt'
[30.141s] running build
[30.141s] running build_py
[30.141s] copying decision_layer/decision_node.py -> /home/prp/thesis/thesis_ws/build/decision_layer/build/lib/decision_layer
[30.142s] running install
[30.142s] running install_lib
[30.142s] copying /home/prp/thesis/thesis_ws/build/decision_layer/build/lib/decision_layer/decision_node.py -> /home/prp/thesis/thesis_ws/install/decision_layer/lib/python3.10/site-packages/decision_layer
[30.143s] byte-compiling /home/prp/thesis/thesis_ws/install/decision_layer/lib/python3.10/site-packages/decision_layer/decision_node.py to decision_node.cpython-310.pyc
[30.144s] running install_data
[30.144s] copying config/decision_node.yaml -> /home/prp/thesis/thesis_ws/install/decision_layer/share/decision_layer/config
[30.144s] running install_egg_info
[30.145s] removing '/home/prp/thesis/thesis_ws/install/decision_layer/lib/python3.10/site-packages/decision_layer-0.0.0-py3.10.egg-info' (and everything under it)
[30.145s] Copying ../../build/decision_layer/decision_layer.egg-info to /home/prp/thesis/thesis_ws/install/decision_layer/lib/python3.10/site-packages/decision_layer-0.0.0-py3.10.egg-info
[30.146s] running install_scripts
[30.156s] Installing decision_node script to /home/prp/thesis/thesis_ws/install/decision_layer/lib/decision_layer
[30.156s] writing list of installed files to '/home/prp/thesis/thesis_ws/build/decision_layer/install.log'
[30.166s] Invoked command in '/home/prp/thesis/thesis_ws/src/decision_layer' returned '0': PYTHONPATH=/home/prp/thesis/thesis_ws/build/decision_layer/prefix_override:/usr/lib/python3/dist-packages/colcon_core/task/python/colcon_distutils_commands:/home/prp/thesis/thesis_ws/install/decision_layer/lib/python3.10/site-packages:${PYTHONPATH} /usr/bin/python3 -W ignore:setup.py install is deprecated -W ignore:easy_install command is deprecated setup.py egg_info --egg-base ../../build/decision_layer build --build-base /home/prp/thesis/thesis_ws/build/decision_layer/build install --record /home/prp/thesis/thesis_ws/build/decision_layer/install.log --single-version-externally-managed install_data
