[0.272s] Invoking command in '/home/prp/thesis/thesis_ws/src/decision_layer': PYTHONPATH=/home/prp/thesis/thesis_ws/build/decision_layer/prefix_override:/usr/lib/python3/dist-packages/colcon_core/task/python/colcon_distutils_commands:/home/prp/thesis/thesis_ws/install/decision_layer/lib/python3.10/site-packages:${PYTHONPATH} /usr/bin/python3 -W ignore:setup.py install is deprecated -W ignore:easy_install command is deprecated setup.py egg_info --egg-base ../../build/decision_layer build --build-base /home/prp/thesis/thesis_ws/build/decision_layer/build install --record /home/prp/thesis/thesis_ws/build/decision_layer/install.log --single-version-externally-managed install_data
[0.402s] running egg_info
[0.402s] writing ../../build/decision_layer/decision_layer.egg-info/PKG-INFO
[0.402s] writing dependency_links to ../../build/decision_layer/decision_layer.egg-info/dependency_links.txt
[0.402s] writing entry points to ../../build/decision_layer/decision_layer.egg-info/entry_points.txt
[0.402s] writing requirements to ../../build/decision_layer/decision_layer.egg-info/requires.txt
[0.402s] writing top-level names to ../../build/decision_layer/decision_layer.egg-info/top_level.txt
[0.403s] reading manifest file '../../build/decision_layer/decision_layer.egg-info/SOURCES.txt'
[0.403s] writing manifest file '../../build/decision_layer/decision_layer.egg-info/SOURCES.txt'
[0.403s] running build
[0.403s] running build_py
[0.404s] copying decision_layer/decision_node.py -> /home/prp/thesis/thesis_ws/build/decision_layer/build/lib/decision_layer
[0.404s] running install
[0.404s] running install_lib
[0.404s] copying /home/prp/thesis/thesis_ws/build/decision_layer/build/lib/decision_layer/decision_node.py -> /home/prp/thesis/thesis_ws/install/decision_layer/lib/python3.10/site-packages/decision_layer
[0.404s] byte-compiling /home/prp/thesis/thesis_ws/install/decision_layer/lib/python3.10/site-packages/decision_layer/decision_node.py to decision_node.cpython-310.pyc
[0.405s] running install_data
[0.405s] copying config/decision_node.yaml -> /home/prp/thesis/thesis_ws/install/decision_layer/share/decision_layer/config
[0.406s] copying launch/threat_response_demo.launch.py -> /home/prp/thesis/thesis_ws/install/decision_layer/share/decision_layer/launch
[0.406s] running install_egg_info
[0.407s] removing '/home/prp/thesis/thesis_ws/install/decision_layer/lib/python3.10/site-packages/decision_layer-0.0.0-py3.10.egg-info' (and everything under it)
[0.407s] Copying ../../build/decision_layer/decision_layer.egg-info to /home/prp/thesis/thesis_ws/install/decision_layer/lib/python3.10/site-packages/decision_layer-0.0.0-py3.10.egg-info
[0.407s] running install_scripts
[0.417s] Installing decision_node script to /home/prp/thesis/thesis_ws/install/decision_layer/lib/decision_layer
[0.417s] writing list of installed files to '/home/prp/thesis/thesis_ws/build/decision_layer/install.log'
[0.428s] Invoked command in '/home/prp/thesis/thesis_ws/src/decision_layer' returned '0': PYTHONPATH=/home/prp/thesis/thesis_ws/build/decision_layer/prefix_override:/usr/lib/python3/dist-packages/colcon_core/task/python/colcon_distutils_commands:/home/prp/thesis/thesis_ws/install/decision_layer/lib/python3.10/site-packages:${PYTHONPATH} /usr/bin/python3 -W ignore:setup.py install is deprecated -W ignore:easy_install command is deprecated setup.py egg_info --egg-base ../../build/decision_layer build --build-base /home/prp/thesis/thesis_ws/build/decision_layer/build install --record /home/prp/thesis/thesis_ws/build/decision_layer/install.log --single-version-externally-managed install_data
