[0.415s] Invoking command in '/home/prp/thesis/thesis_ws/src/sound_detection': PYTHONPATH=/home/prp/thesis/thesis_ws/build/sound_detection/prefix_override:/usr/lib/python3/dist-packages/colcon_core/task/python/colcon_distutils_commands:/home/prp/thesis/thesis_ws/install/sound_detection/lib/python3.10/site-packages:${PYTHONPATH} /usr/bin/python3 -W ignore:setup.py install is deprecated -W ignore:easy_install command is deprecated setup.py egg_info --egg-base ../../build/sound_detection build --build-base /home/prp/thesis/thesis_ws/build/sound_detection/build install --record /home/prp/thesis/thesis_ws/build/sound_detection/install.log --single-version-externally-managed install_data
[0.522s] running egg_info
[0.522s] writing ../../build/sound_detection/sound_detection.egg-info/PKG-INFO
[0.522s] writing dependency_links to ../../build/sound_detection/sound_detection.egg-info/dependency_links.txt
[0.522s] writing entry points to ../../build/sound_detection/sound_detection.egg-info/entry_points.txt
[0.522s] writing requirements to ../../build/sound_detection/sound_detection.egg-info/requires.txt
[0.522s] writing top-level names to ../../build/sound_detection/sound_detection.egg-info/top_level.txt
[0.523s] reading manifest file '../../build/sound_detection/sound_detection.egg-info/SOURCES.txt'
[0.526s] writing manifest file '../../build/sound_detection/sound_detection.egg-info/SOURCES.txt'
[0.526s] running build
[0.526s] running build_py
[0.526s] copying sound_detection/sound_presence_detector_node.py -> /home/prp/thesis/thesis_ws/build/sound_detection/build/lib/sound_detection
[0.526s] running install
[0.526s] running install_lib
[0.527s] copying /home/prp/thesis/thesis_ws/build/sound_detection/build/lib/sound_detection/sound_presence_detector_node.py -> /home/prp/thesis/thesis_ws/install/sound_detection/lib/python3.10/site-packages/sound_detection
[0.527s] byte-compiling /home/prp/thesis/thesis_ws/install/sound_detection/lib/python3.10/site-packages/sound_detection/sound_presence_detector_node.py to sound_presence_detector_node.cpython-310.pyc
[0.527s] running install_data
[0.527s] running install_egg_info
[0.528s] removing '/home/prp/thesis/thesis_ws/install/sound_detection/lib/python3.10/site-packages/sound_detection-0.0.0-py3.10.egg-info' (and everything under it)
[0.529s] Copying ../../build/sound_detection/sound_detection.egg-info to /home/prp/thesis/thesis_ws/install/sound_detection/lib/python3.10/site-packages/sound_detection-0.0.0-py3.10.egg-info
[0.529s] running install_scripts
[0.546s] Installing fake_audio_source_node script to /home/prp/thesis/thesis_ws/install/sound_detection/lib/sound_detection
[0.546s] Installing sound_presence_detector_node script to /home/prp/thesis/thesis_ws/install/sound_detection/lib/sound_detection
[0.546s] writing list of installed files to '/home/prp/thesis/thesis_ws/build/sound_detection/install.log'
[0.562s] Invoked command in '/home/prp/thesis/thesis_ws/src/sound_detection' returned '0': PYTHONPATH=/home/prp/thesis/thesis_ws/build/sound_detection/prefix_override:/usr/lib/python3/dist-packages/colcon_core/task/python/colcon_distutils_commands:/home/prp/thesis/thesis_ws/install/sound_detection/lib/python3.10/site-packages:${PYTHONPATH} /usr/bin/python3 -W ignore:setup.py install is deprecated -W ignore:easy_install command is deprecated setup.py egg_info --egg-base ../../build/sound_detection build --build-base /home/prp/thesis/thesis_ws/build/sound_detection/build install --record /home/prp/thesis/thesis_ws/build/sound_detection/install.log --single-version-externally-managed install_data
