[0.253s] Invoking command in '/home/prp/thesis/thesis_ws/src/decision_layer': PS1=(detection_yolo) PYTHONPATH=/home/prp/thesis/thesis_ws/build/decision_layer/prefix_override:/home/prp/detection_yolo/lib/python3.10/site-packages/colcon_core/task/python/colcon_distutils_commands:/home/prp/thesis/thesis_ws/install/decision_layer/lib/python3.10/site-packages:${PYTHONPATH} VIRTUAL_ENV_PROMPT=(detection_yolo) /home/prp/detection_yolo/bin/python3 -W ignore:setup.py install is deprecated -W ignore:easy_install command is deprecated setup.py egg_info --egg-base ../../build/decision_layer build --build-base /home/prp/thesis/thesis_ws/build/decision_layer/build install --record /home/prp/thesis/thesis_ws/build/decision_layer/install.log --single-version-externally-managed install_data
[0.348s] running egg_info
[0.348s] writing ../../build/decision_layer/decision_layer.egg-info/PKG-INFO
[0.348s] writing dependency_links to ../../build/decision_layer/decision_layer.egg-info/dependency_links.txt
[0.348s] writing entry points to ../../build/decision_layer/decision_layer.egg-info/entry_points.txt
[0.348s] writing requirements to ../../build/decision_layer/decision_layer.egg-info/requires.txt
[0.348s] writing top-level names to ../../build/decision_layer/decision_layer.egg-info/top_level.txt
[0.349s] reading manifest file '../../build/decision_layer/decision_layer.egg-info/SOURCES.txt'
[0.349s] writing manifest file '../../build/decision_layer/decision_layer.egg-info/SOURCES.txt'
[0.349s] running build
[0.349s] running build_py
[0.349s] copying decision_layer/decision_node.py -> /home/prp/thesis/thesis_ws/build/decision_layer/build/lib/decision_layer
[0.349s] running install
[0.350s] running install_lib
[0.350s] copying /home/prp/thesis/thesis_ws/build/decision_layer/build/lib/decision_layer/decision_node.py -> /home/prp/thesis/thesis_ws/install/decision_layer/lib/python3.10/site-packages/decision_layer
[0.350s] byte-compiling /home/prp/thesis/thesis_ws/install/decision_layer/lib/python3.10/site-packages/decision_layer/decision_node.py to decision_node.cpython-310.pyc
[0.351s] running install_data
[0.352s] copying config/decision_node.yaml -> /home/prp/thesis/thesis_ws/install/decision_layer/share/decision_layer/config
[0.352s] running install_egg_info
[0.352s] removing '/home/prp/thesis/thesis_ws/install/decision_layer/lib/python3.10/site-packages/decision_layer-0.0.0-py3.10.egg-info' (and everything under it)
[0.353s] Copying ../../build/decision_layer/decision_layer.egg-info to /home/prp/thesis/thesis_ws/install/decision_layer/lib/python3.10/site-packages/decision_layer-0.0.0-py3.10.egg-info
[0.353s] running install_scripts
[0.363s] Installing decision_node script to /home/prp/thesis/thesis_ws/install/decision_layer/lib/decision_layer
[0.363s] writing list of installed files to '/home/prp/thesis/thesis_ws/build/decision_layer/install.log'
[0.372s] Invoked command in '/home/prp/thesis/thesis_ws/src/decision_layer' returned '0': PS1=(detection_yolo) PYTHONPATH=/home/prp/thesis/thesis_ws/build/decision_layer/prefix_override:/home/prp/detection_yolo/lib/python3.10/site-packages/colcon_core/task/python/colcon_distutils_commands:/home/prp/thesis/thesis_ws/install/decision_layer/lib/python3.10/site-packages:${PYTHONPATH} VIRTUAL_ENV_PROMPT=(detection_yolo) /home/prp/detection_yolo/bin/python3 -W ignore:setup.py install is deprecated -W ignore:easy_install command is deprecated setup.py egg_info --egg-base ../../build/decision_layer build --build-base /home/prp/thesis/thesis_ws/build/decision_layer/build install --record /home/prp/thesis/thesis_ws/build/decision_layer/install.log --single-version-externally-managed install_data
