[0.458s] Invoking command in '/home/prp/thesis/thesis_ws/src/yolo_detection': PS1=(detection_yolo) PYTHONPATH=/home/prp/thesis/thesis_ws/build/yolo_detection/prefix_override:/home/prp/detection_yolo/lib/python3.10/site-packages/colcon_core/task/python/colcon_distutils_commands:/home/prp/thesis/thesis_ws/install/yolo_detection/lib/python3.10/site-packages:${PYTHONPATH} VIRTUAL_ENV_PROMPT=(detection_yolo) /home/prp/detection_yolo/bin/python3 -W ignore:setup.py install is deprecated -W ignore:easy_install command is deprecated setup.py egg_info --egg-base ../../build/yolo_detection build --build-base /home/prp/thesis/thesis_ws/build/yolo_detection/build install --record /home/prp/thesis/thesis_ws/build/yolo_detection/install.log --single-version-externally-managed install_data
[0.550s] running egg_info
[0.551s] writing ../../build/yolo_detection/yolo_detection.egg-info/PKG-INFO
[0.551s] writing dependency_links to ../../build/yolo_detection/yolo_detection.egg-info/dependency_links.txt
[0.551s] writing entry points to ../../build/yolo_detection/yolo_detection.egg-info/entry_points.txt
[0.551s] writing requirements to ../../build/yolo_detection/yolo_detection.egg-info/requires.txt
[0.551s] writing top-level names to ../../build/yolo_detection/yolo_detection.egg-info/top_level.txt
[0.551s] reading manifest file '../../build/yolo_detection/yolo_detection.egg-info/SOURCES.txt'
[0.552s] writing manifest file '../../build/yolo_detection/yolo_detection.egg-info/SOURCES.txt'
[0.552s] running build
[0.552s] running build_py
[0.553s] running install
[0.553s] running install_lib
[0.553s] running install_data
[0.553s] running install_egg_info
[0.554s] removing '/home/prp/thesis/thesis_ws/install/yolo_detection/lib/python3.10/site-packages/yolo_detection-0.0.0-py3.10.egg-info' (and everything under it)
[0.554s] Copying ../../build/yolo_detection/yolo_detection.egg-info to /home/prp/thesis/thesis_ws/install/yolo_detection/lib/python3.10/site-packages/yolo_detection-0.0.0-py3.10.egg-info
[0.554s] running install_scripts
[0.563s] Installing fake_image_source_node script to /home/prp/thesis/thesis_ws/install/yolo_detection/lib/yolo_detection
[0.563s] Installing vision_detector script to /home/prp/thesis/thesis_ws/install/yolo_detection/lib/yolo_detection
[0.563s] writing list of installed files to '/home/prp/thesis/thesis_ws/build/yolo_detection/install.log'
[0.584s] Invoked command in '/home/prp/thesis/thesis_ws/src/yolo_detection' returned '0': PS1=(detection_yolo) PYTHONPATH=/home/prp/thesis/thesis_ws/build/yolo_detection/prefix_override:/home/prp/detection_yolo/lib/python3.10/site-packages/colcon_core/task/python/colcon_distutils_commands:/home/prp/thesis/thesis_ws/install/yolo_detection/lib/python3.10/site-packages:${PYTHONPATH} VIRTUAL_ENV_PROMPT=(detection_yolo) /home/prp/detection_yolo/bin/python3 -W ignore:setup.py install is deprecated -W ignore:easy_install command is deprecated setup.py egg_info --egg-base ../../build/yolo_detection build --build-base /home/prp/thesis/thesis_ws/build/yolo_detection/build install --record /home/prp/thesis/thesis_ws/build/yolo_detection/install.log --single-version-externally-managed install_data
