[0.103s] DEBUG:colcon:Command line arguments: ['/home/prp/detection_yolo/bin/colcon', 'build']
[0.103s] DEBUG:colcon:Parsed command line arguments: Namespace(log_base=None, log_level=None, verb_name='build', build_base='build', install_base='install', merge_install=False, symlink_install=False, test_result_base=None, continue_on_error=False, executor='parallel', parallel_workers=20, event_handlers=None, ignore_user_meta=False, metas=['./colcon.meta'], base_paths=['.'], packages_ignore=None, packages_ignore_regex=None, paths=None, packages_up_to=None, packages_up_to_regex=None, packages_above=None, packages_above_and_dependencies=None, packages_above_depth=None, packages_select_by_dep=None, packages_skip_by_dep=None, packages_skip_up_to=None, packages_select_build_failed=False, packages_skip_build_finished=False, packages_select_test_failures=False, packages_skip_test_passed=False, packages_select=None, packages_skip=None, packages_select_regex=None, packages_skip_regex=None, packages_start=None, packages_end=None, cmake_args=None, cmake_target=None, cmake_target_skip_unavailable=False, cmake_clean_cache=False, cmake_clean_first=False, cmake_force_configure=False, ament_cmake_args=None, catkin_cmake_args=None, catkin_skip_building_tests=False, verb_parser=<colcon_defaults.argument_parser.defaults.DefaultArgumentsDecorator object at 0x78d7b9e05480>, verb_extension=<colcon_core.verb.build.BuildVerb object at 0x78d7b9e04eb0>, main=<bound method BuildVerb.main of <colcon_core.verb.build.BuildVerb object at 0x78d7b9e04eb0>>)
[0.177s] Level 1:colcon.colcon_core.package_discovery:discover_packages(colcon_meta) check parameters
[0.177s] Level 1:colcon.colcon_core.package_discovery:discover_packages(recursive) check parameters
[0.177s] Level 1:colcon.colcon_core.package_discovery:discover_packages(ignore) check parameters
[0.177s] Level 1:colcon.colcon_core.package_discovery:discover_packages(path) check parameters
[0.177s] Level 1:colcon.colcon_core.package_discovery:discover_packages(colcon_meta) discover
[0.177s] Level 1:colcon.colcon_core.package_discovery:discover_packages(recursive) discover
[0.177s] INFO:colcon.colcon_core.package_discovery:Crawling recursively for packages in '/home/prp/thesis/thesis_ws'
[0.177s] Level 1:colcon.colcon_core.package_identification:_identify(.) by extensions ['ignore', 'ignore_ament_install']
[0.178s] Level 1:colcon.colcon_core.package_identification:_identify(.) by extension 'ignore'
[0.178s] Level 1:colcon.colcon_core.package_identification:_identify(.) by extension 'ignore_ament_install'
[0.178s] Level 1:colcon.colcon_core.package_identification:_identify(.) by extensions ['colcon_pkg']
[0.178s] Level 1:colcon.colcon_core.package_identification:_identify(.) by extension 'colcon_pkg'
[0.178s] Level 1:colcon.colcon_core.package_identification:_identify(.) by extensions ['colcon_meta']
[0.178s] Level 1:colcon.colcon_core.package_identification:_identify(.) by extension 'colcon_meta'
[0.178s] Level 1:colcon.colcon_core.package_identification:_identify(.) by extensions ['ros']
[0.178s] Level 1:colcon.colcon_core.package_identification:_identify(.) by extension 'ros'
[0.198s] Level 1:colcon.colcon_core.package_identification:_identify(.) by extensions ['cmake', 'python']
[0.198s] Level 1:colcon.colcon_core.package_identification:_identify(.) by extension 'cmake'
[0.198s] Level 1:colcon.colcon_core.package_identification:_identify(.) by extension 'python'
[0.198s] Level 1:colcon.colcon_core.package_identification:_identify(.) by extensions ['python_setup_py']
[0.198s] Level 1:colcon.colcon_core.package_identification:_identify(.) by extension 'python_setup_py'
[0.198s] Level 1:colcon.colcon_core.package_identification:_identify(build) by extensions ['ignore', 'ignore_ament_install']
[0.198s] Level 1:colcon.colcon_core.package_identification:_identify(build) by extension 'ignore'
[0.198s] Level 1:colcon.colcon_core.package_identification:_identify(build) ignored
[0.199s] Level 1:colcon.colcon_core.package_identification:_identify(install) by extensions ['ignore', 'ignore_ament_install']
[0.199s] Level 1:colcon.colcon_core.package_identification:_identify(install) by extension 'ignore'
[0.199s] Level 1:colcon.colcon_core.package_identification:_identify(install) ignored
[0.199s] Level 1:colcon.colcon_core.package_identification:_identify(log) by extensions ['ignore', 'ignore_ament_install']
[0.199s] Level 1:colcon.colcon_core.package_identification:_identify(log) by extension 'ignore'
[0.199s] Level 1:colcon.colcon_core.package_identification:_identify(log) ignored
[0.199s] Level 1:colcon.colcon_core.package_identification:_identify(src) by extensions ['ignore', 'ignore_ament_install']
[0.199s] Level 1:colcon.colcon_core.package_identification:_identify(src) by extension 'ignore'
[0.199s] Level 1:colcon.colcon_core.package_identification:_identify(src) by extension 'ignore_ament_install'
[0.199s] Level 1:colcon.colcon_core.package_identification:_identify(src) by extensions ['colcon_pkg']
[0.199s] Level 1:colcon.colcon_core.package_identification:_identify(src) by extension 'colcon_pkg'
[0.199s] Level 1:colcon.colcon_core.package_identification:_identify(src) by extensions ['colcon_meta']
[0.199s] Level 1:colcon.colcon_core.package_identification:_identify(src) by extension 'colcon_meta'
[0.199s] Level 1:colcon.colcon_core.package_identification:_identify(src) by extensions ['ros']
[0.199s] Level 1:colcon.colcon_core.package_identification:_identify(src) by extension 'ros'
[0.199s] Level 1:colcon.colcon_core.package_identification:_identify(src) by extensions ['cmake', 'python']
[0.199s] Level 1:colcon.colcon_core.package_identification:_identify(src) by extension 'cmake'
[0.199s] Level 1:colcon.colcon_core.package_identification:_identify(src) by extension 'python'
[0.199s] Level 1:colcon.colcon_core.package_identification:_identify(src) by extensions ['python_setup_py']
[0.199s] Level 1:colcon.colcon_core.package_identification:_identify(src) by extension 'python_setup_py'
[0.199s] Level 1:colcon.colcon_core.package_identification:_identify(src/__pycache__) by extensions ['ignore', 'ignore_ament_install']
[0.199s] Level 1:colcon.colcon_core.package_identification:_identify(src/__pycache__) by extension 'ignore'
[0.199s] Level 1:colcon.colcon_core.package_identification:_identify(src/__pycache__) by extension 'ignore_ament_install'
[0.199s] Level 1:colcon.colcon_core.package_identification:_identify(src/__pycache__) by extensions ['colcon_pkg']
[0.199s] Level 1:colcon.colcon_core.package_identification:_identify(src/__pycache__) by extension 'colcon_pkg'
[0.199s] Level 1:colcon.colcon_core.package_identification:_identify(src/__pycache__) by extensions ['colcon_meta']
[0.199s] Level 1:colcon.colcon_core.package_identification:_identify(src/__pycache__) by extension 'colcon_meta'
[0.199s] Level 1:colcon.colcon_core.package_identification:_identify(src/__pycache__) by extensions ['ros']
[0.199s] Level 1:colcon.colcon_core.package_identification:_identify(src/__pycache__) by extension 'ros'
[0.199s] Level 1:colcon.colcon_core.package_identification:_identify(src/__pycache__) by extensions ['cmake', 'python']
[0.199s] Level 1:colcon.colcon_core.package_identification:_identify(src/__pycache__) by extension 'cmake'
[0.199s] Level 1:colcon.colcon_core.package_identification:_identify(src/__pycache__) by extension 'python'
[0.199s] Level 1:colcon.colcon_core.package_identification:_identify(src/__pycache__) by extensions ['python_setup_py']
[0.199s] Level 1:colcon.colcon_core.package_identification:_identify(src/__pycache__) by extension 'python_setup_py'
[0.199s] Level 1:colcon.colcon_core.package_identification:_identify(src/decision_layer) by extensions ['ignore', 'ignore_ament_install']
[0.199s] Level 1:colcon.colcon_core.package_identification:_identify(src/decision_layer) by extension 'ignore'
[0.199s] Level 1:colcon.colcon_core.package_identification:_identify(src/decision_layer) by extension 'ignore_ament_install'
[0.199s] Level 1:colcon.colcon_core.package_identification:_identify(src/decision_layer) by extensions ['colcon_pkg']
[0.199s] Level 1:colcon.colcon_core.package_identification:_identify(src/decision_layer) by extension 'colcon_pkg'
[0.199s] Level 1:colcon.colcon_core.package_identification:_identify(src/decision_layer) by extensions ['colcon_meta']
[0.199s] Level 1:colcon.colcon_core.package_identification:_identify(src/decision_layer) by extension 'colcon_meta'
[0.199s] Level 1:colcon.colcon_core.package_identification:_identify(src/decision_layer) by extensions ['ros']
[0.199s] Level 1:colcon.colcon_core.package_identification:_identify(src/decision_layer) by extension 'ros'
[0.201s] DEBUG:colcon.colcon_core.package_identification:Package 'src/decision_layer' with type 'ros.ament_python' and name 'decision_layer'
[0.201s] Level 1:colcon.colcon_core.package_identification:_identify(src/sound_detection) by extensions ['ignore', 'ignore_ament_install']
[0.201s] Level 1:colcon.colcon_core.package_identification:_identify(src/sound_detection) by extension 'ignore'
[0.201s] Level 1:colcon.colcon_core.package_identification:_identify(src/sound_detection) by extension 'ignore_ament_install'
[0.201s] Level 1:colcon.colcon_core.package_identification:_identify(src/sound_detection) by extensions ['colcon_pkg']
[0.201s] Level 1:colcon.colcon_core.package_identification:_identify(src/sound_detection) by extension 'colcon_pkg'
[0.201s] Level 1:colcon.colcon_core.package_identification:_identify(src/sound_detection) by extensions ['colcon_meta']
[0.201s] Level 1:colcon.colcon_core.package_identification:_identify(src/sound_detection) by extension 'colcon_meta'
[0.201s] Level 1:colcon.colcon_core.package_identification:_identify(src/sound_detection) by extensions ['ros']
[0.201s] Level 1:colcon.colcon_core.package_identification:_identify(src/sound_detection) by extension 'ros'
[0.202s] DEBUG:colcon.colcon_core.package_identification:Package 'src/sound_detection' with type 'ros.ament_python' and name 'sound_detection'
[0.202s] Level 1:colcon.colcon_core.package_identification:_identify(src/yolo_detection) by extensions ['ignore', 'ignore_ament_install']
[0.202s] Level 1:colcon.colcon_core.package_identification:_identify(src/yolo_detection) by extension 'ignore'
[0.202s] Level 1:colcon.colcon_core.package_identification:_identify(src/yolo_detection) by extension 'ignore_ament_install'
[0.202s] Level 1:colcon.colcon_core.package_identification:_identify(src/yolo_detection) by extensions ['colcon_pkg']
[0.202s] Level 1:colcon.colcon_core.package_identification:_identify(src/yolo_detection) by extension 'colcon_pkg'
[0.202s] Level 1:colcon.colcon_core.package_identification:_identify(src/yolo_detection) by extensions ['colcon_meta']
[0.202s] Level 1:colcon.colcon_core.package_identification:_identify(src/yolo_detection) by extension 'colcon_meta'
[0.202s] Level 1:colcon.colcon_core.package_identification:_identify(src/yolo_detection) by extensions ['ros']
[0.202s] Level 1:colcon.colcon_core.package_identification:_identify(src/yolo_detection) by extension 'ros'
[0.203s] DEBUG:colcon.colcon_core.package_identification:Package 'src/yolo_detection' with type 'ros.ament_python' and name 'yolo_detection'
[0.203s] Level 1:colcon.colcon_core.package_discovery:discover_packages(recursive) using defaults
[0.203s] Level 1:colcon.colcon_core.package_discovery:discover_packages(ignore) discover
[0.203s] Level 1:colcon.colcon_core.package_discovery:discover_packages(ignore) using defaults
[0.203s] Level 1:colcon.colcon_core.package_discovery:discover_packages(path) discover
[0.203s] Level 1:colcon.colcon_core.package_discovery:discover_packages(path) using defaults
[0.215s] Level 5:colcon.colcon_core.verb:set package 'decision_layer' build argument 'cmake_args' from command line to 'None'
[0.215s] Level 5:colcon.colcon_core.verb:set package 'decision_layer' build argument 'cmake_target' from command line to 'None'
[0.215s] Level 5:colcon.colcon_core.verb:set package 'decision_layer' build argument 'cmake_target_skip_unavailable' from command line to 'False'
[0.215s] Level 5:colcon.colcon_core.verb:set package 'decision_layer' build argument 'cmake_clean_cache' from command line to 'False'
[0.215s] Level 5:colcon.colcon_core.verb:set package 'decision_layer' build argument 'cmake_clean_first' from command line to 'False'
[0.215s] Level 5:colcon.colcon_core.verb:set package 'decision_layer' build argument 'cmake_force_configure' from command line to 'False'
[0.215s] Level 5:colcon.colcon_core.verb:set package 'decision_layer' build argument 'ament_cmake_args' from command line to 'None'
[0.215s] Level 5:colcon.colcon_core.verb:set package 'decision_layer' build argument 'catkin_cmake_args' from command line to 'None'
[0.215s] Level 5:colcon.colcon_core.verb:set package 'decision_layer' build argument 'catkin_skip_building_tests' from command line to 'False'
[0.215s] DEBUG:colcon.colcon_core.verb:Building package 'decision_layer' with the following arguments: {'ament_cmake_args': None, 'build_base': '/home/prp/thesis/thesis_ws/build/decision_layer', 'catkin_cmake_args': None, 'catkin_skip_building_tests': False, 'cmake_args': None, 'cmake_clean_cache': False, 'cmake_clean_first': False, 'cmake_force_configure': False, 'cmake_target': None, 'cmake_target_skip_unavailable': False, 'install_base': '/home/prp/thesis/thesis_ws/install/decision_layer', 'merge_install': False, 'path': '/home/prp/thesis/thesis_ws/src/decision_layer', 'symlink_install': False, 'test_result_base': None}
[0.215s] Level 5:colcon.colcon_core.verb:set package 'sound_detection' build argument 'cmake_args' from command line to 'None'
[0.215s] Level 5:colcon.colcon_core.verb:set package 'sound_detection' build argument 'cmake_target' from command line to 'None'
[0.215s] Level 5:colcon.colcon_core.verb:set package 'sound_detection' build argument 'cmake_target_skip_unavailable' from command line to 'False'
[0.215s] Level 5:colcon.colcon_core.verb:set package 'sound_detection' build argument 'cmake_clean_cache' from command line to 'False'
[0.215s] Level 5:colcon.colcon_core.verb:set package 'sound_detection' build argument 'cmake_clean_first' from command line to 'False'
[0.215s] Level 5:colcon.colcon_core.verb:set package 'sound_detection' build argument 'cmake_force_configure' from command line to 'False'
[0.215s] Level 5:colcon.colcon_core.verb:set package 'sound_detection' build argument 'ament_cmake_args' from command line to 'None'
[0.215s] Level 5:colcon.colcon_core.verb:set package 'sound_detection' build argument 'catkin_cmake_args' from command line to 'None'
[0.215s] Level 5:colcon.colcon_core.verb:set package 'sound_detection' build argument 'catkin_skip_building_tests' from command line to 'False'
[0.215s] DEBUG:colcon.colcon_core.verb:Building package 'sound_detection' with the following arguments: {'ament_cmake_args': None, 'build_base': '/home/prp/thesis/thesis_ws/build/sound_detection', 'catkin_cmake_args': None, 'catkin_skip_building_tests': False, 'cmake_args': None, 'cmake_clean_cache': False, 'cmake_clean_first': False, 'cmake_force_configure': False, 'cmake_target': None, 'cmake_target_skip_unavailable': False, 'install_base': '/home/prp/thesis/thesis_ws/install/sound_detection', 'merge_install': False, 'path': '/home/prp/thesis/thesis_ws/src/sound_detection', 'symlink_install': False, 'test_result_base': None}
[0.215s] Level 5:colcon.colcon_core.verb:set package 'yolo_detection' build argument 'cmake_args' from command line to 'None'
[0.215s] Level 5:colcon.colcon_core.verb:set package 'yolo_detection' build argument 'cmake_target' from command line to 'None'
[0.215s] Level 5:colcon.colcon_core.verb:set package 'yolo_detection' build argument 'cmake_target_skip_unavailable' from command line to 'False'
[0.215s] Level 5:colcon.colcon_core.verb:set package 'yolo_detection' build argument 'cmake_clean_cache' from command line to 'False'
[0.215s] Level 5:colcon.colcon_core.verb:set package 'yolo_detection' build argument 'cmake_clean_first' from command line to 'False'
[0.215s] Level 5:colcon.colcon_core.verb:set package 'yolo_detection' build argument 'cmake_force_configure' from command line to 'False'
[0.215s] Level 5:colcon.colcon_core.verb:set package 'yolo_detection' build argument 'ament_cmake_args' from command line to 'None'
[0.215s] Level 5:colcon.colcon_core.verb:set package 'yolo_detection' build argument 'catkin_cmake_args' from command line to 'None'
[0.215s] Level 5:colcon.colcon_core.verb:set package 'yolo_detection' build argument 'catkin_skip_building_tests' from command line to 'False'
[0.215s] DEBUG:colcon.colcon_core.verb:Building package 'yolo_detection' with the following arguments: {'ament_cmake_args': None, 'build_base': '/home/prp/thesis/thesis_ws/build/yolo_detection', 'catkin_cmake_args': None, 'catkin_skip_building_tests': False, 'cmake_args': None, 'cmake_clean_cache': False, 'cmake_clean_first': False, 'cmake_force_configure': False, 'cmake_target': None, 'cmake_target_skip_unavailable': False, 'install_base': '/home/prp/thesis/thesis_ws/install/yolo_detection', 'merge_install': False, 'path': '/home/prp/thesis/thesis_ws/src/yolo_detection', 'symlink_install': False, 'test_result_base': None}
[0.215s] INFO:colcon.colcon_core.executor:Executing jobs using 'parallel' executor
[0.216s] DEBUG:colcon.colcon_parallel_executor.executor.parallel:run_until_complete
[0.216s] INFO:colcon.colcon_ros.task.ament_python.build:Building ROS package in '/home/prp/thesis/thesis_ws/src/decision_layer' with build type 'ament_python'
[0.216s] Level 1:colcon.colcon_core.shell:create_environment_hook('decision_layer', 'ament_prefix_path')
[0.218s] INFO:colcon.colcon_core.plugin_system:Skipping extension 'colcon_core.shell.bat': Not used on non-Windows systems
[0.219s] INFO:colcon.colcon_core.shell:Creating environment hook '/home/prp/thesis/thesis_ws/install/decision_layer/share/decision_layer/hook/ament_prefix_path.ps1'
[0.219s] INFO:colcon.colcon_core.shell:Creating environment descriptor '/home/prp/thesis/thesis_ws/install/decision_layer/share/decision_layer/hook/ament_prefix_path.dsv'
[0.220s] INFO:colcon.colcon_core.shell:Creating environment hook '/home/prp/thesis/thesis_ws/install/decision_layer/share/decision_layer/hook/ament_prefix_path.sh'
[0.220s] INFO:colcon.colcon_core.shell:Skip shell extension 'powershell' for command environment: Not usable outside of PowerShell
[0.220s] DEBUG:colcon.colcon_core.shell:Skip shell extension 'dsv' for command environment
[0.223s] INFO:colcon.colcon_ros.task.ament_python.build:Building ROS package in '/home/prp/thesis/thesis_ws/src/sound_detection' with build type 'ament_python'
[0.224s] Level 1:colcon.colcon_core.shell:create_environment_hook('sound_detection', 'ament_prefix_path')
[0.224s] INFO:colcon.colcon_core.shell:Creating environment hook '/home/prp/thesis/thesis_ws/install/sound_detection/share/sound_detection/hook/ament_prefix_path.ps1'
[0.224s] INFO:colcon.colcon_core.shell:Creating environment descriptor '/home/prp/thesis/thesis_ws/install/sound_detection/share/sound_detection/hook/ament_prefix_path.dsv'
[0.224s] INFO:colcon.colcon_core.shell:Creating environment hook '/home/prp/thesis/thesis_ws/install/sound_detection/share/sound_detection/hook/ament_prefix_path.sh'
[0.225s] INFO:colcon.colcon_core.shell:Skip shell extension 'powershell' for command environment: Not usable outside of PowerShell
[0.225s] DEBUG:colcon.colcon_core.shell:Skip shell extension 'dsv' for command environment
[0.226s] INFO:colcon.colcon_ros.task.ament_python.build:Building ROS package in '/home/prp/thesis/thesis_ws/src/yolo_detection' with build type 'ament_python'
[0.226s] Level 1:colcon.colcon_core.shell:create_environment_hook('yolo_detection', 'ament_prefix_path')
[0.227s] INFO:colcon.colcon_core.shell:Creating environment hook '/home/prp/thesis/thesis_ws/install/yolo_detection/share/yolo_detection/hook/ament_prefix_path.ps1'
[0.227s] INFO:colcon.colcon_core.shell:Creating environment descriptor '/home/prp/thesis/thesis_ws/install/yolo_detection/share/yolo_detection/hook/ament_prefix_path.dsv'
[0.227s] INFO:colcon.colcon_core.shell:Creating environment hook '/home/prp/thesis/thesis_ws/install/yolo_detection/share/yolo_detection/hook/ament_prefix_path.sh'
[0.228s] INFO:colcon.colcon_core.shell:Skip shell extension 'powershell' for command environment: Not usable outside of PowerShell
[0.228s] DEBUG:colcon.colcon_core.shell:Skip shell extension 'dsv' for command environment
[0.332s] INFO:colcon.colcon_core.task.python.build:Building Python package in '/home/prp/thesis/thesis_ws/src/decision_layer'
[0.332s] INFO:colcon.colcon_core.shell:Skip shell extension 'powershell' for command environment: Not usable outside of PowerShell
[0.332s] DEBUG:colcon.colcon_core.shell:Skip shell extension 'dsv' for command environment
[0.433s] INFO:colcon.colcon_core.task.python.build:Building Python package in '/home/prp/thesis/thesis_ws/src/sound_detection'
[0.433s] INFO:colcon.colcon_core.shell:Skip shell extension 'powershell' for command environment: Not usable outside of PowerShell
[0.433s] DEBUG:colcon.colcon_core.shell:Skip shell extension 'dsv' for command environment
[0.533s] INFO:colcon.colcon_core.task.python.build:Building Python package in '/home/prp/thesis/thesis_ws/src/yolo_detection'
[0.533s] INFO:colcon.colcon_core.shell:Skip shell extension 'powershell' for command environment: Not usable outside of PowerShell
[0.533s] DEBUG:colcon.colcon_core.shell:Skip shell extension 'dsv' for command environment
[0.684s] DEBUG:colcon.colcon_core.event_handler.log_command:Invoking command in '/home/prp/thesis/thesis_ws/src/yolo_detection': PS1=(detection_yolo) PYTHONPATH=/home/prp/thesis/thesis_ws/build/yolo_detection/prefix_override:/home/prp/detection_yolo/lib/python3.10/site-packages/colcon_core/task/python/colcon_distutils_commands:/home/prp/thesis/thesis_ws/install/yolo_detection/lib/python3.10/site-packages:${PYTHONPATH} VIRTUAL_ENV_PROMPT=(detection_yolo) /home/prp/detection_yolo/bin/python3 -W ignore:setup.py install is deprecated -W ignore:easy_install command is deprecated setup.py egg_info --egg-base ../../build/yolo_detection build --build-base /home/prp/thesis/thesis_ws/build/yolo_detection/build install --record /home/prp/thesis/thesis_ws/build/yolo_detection/install.log --single-version-externally-managed install_data
[0.686s] DEBUG:colcon.colcon_core.event_handler.log_command:Invoking command in '/home/prp/thesis/thesis_ws/src/decision_layer': PS1=(detection_yolo) PYTHONPATH=/home/prp/thesis/thesis_ws/build/decision_layer/prefix_override:/home/prp/detection_yolo/lib/python3.10/site-packages/colcon_core/task/python/colcon_distutils_commands:/home/prp/thesis/thesis_ws/install/decision_layer/lib/python3.10/site-packages:${PYTHONPATH} VIRTUAL_ENV_PROMPT=(detection_yolo) /home/prp/detection_yolo/bin/python3 -W ignore:setup.py install is deprecated -W ignore:easy_install command is deprecated setup.py egg_info --egg-base ../../build/decision_layer build --build-base /home/prp/thesis/thesis_ws/build/decision_layer/build install --record /home/prp/thesis/thesis_ws/build/decision_layer/install.log --single-version-externally-managed install_data
[0.687s] DEBUG:colcon.colcon_core.event_handler.log_command:Invoking command in '/home/prp/thesis/thesis_ws/src/sound_detection': PS1=(detection_yolo) PYTHONPATH=/home/prp/thesis/thesis_ws/build/sound_detection/prefix_override:/home/prp/detection_yolo/lib/python3.10/site-packages/colcon_core/task/python/colcon_distutils_commands:/home/prp/thesis/thesis_ws/install/sound_detection/lib/python3.10/site-packages:${PYTHONPATH} VIRTUAL_ENV_PROMPT=(detection_yolo) /home/prp/detection_yolo/bin/python3 -W ignore:setup.py install is deprecated -W ignore:easy_install command is deprecated setup.py egg_info --egg-base ../../build/sound_detection build --build-base /home/prp/thesis/thesis_ws/build/sound_detection/build install --record /home/prp/thesis/thesis_ws/build/sound_detection/install.log --single-version-externally-managed install_data
[0.801s] DEBUG:colcon.colcon_core.event_handler.log_command:Invoked command in '/home/prp/thesis/thesis_ws/src/sound_detection' returned '0': PS1=(detection_yolo) PYTHONPATH=/home/prp/thesis/thesis_ws/build/sound_detection/prefix_override:/home/prp/detection_yolo/lib/python3.10/site-packages/colcon_core/task/python/colcon_distutils_commands:/home/prp/thesis/thesis_ws/install/sound_detection/lib/python3.10/site-packages:${PYTHONPATH} VIRTUAL_ENV_PROMPT=(detection_yolo) /home/prp/detection_yolo/bin/python3 -W ignore:setup.py install is deprecated -W ignore:easy_install command is deprecated setup.py egg_info --egg-base ../../build/sound_detection build --build-base /home/prp/thesis/thesis_ws/build/sound_detection/build install --record /home/prp/thesis/thesis_ws/build/sound_detection/install.log --single-version-externally-managed install_data
[0.804s] Level 1:colcon.colcon_core.environment:checking '/home/prp/thesis/thesis_ws/install/sound_detection' for CMake module files
[0.804s] Level 1:colcon.colcon_core.environment:checking '/home/prp/thesis/thesis_ws/install/sound_detection' for CMake config files
[0.805s] Level 1:colcon.colcon_core.environment:checking '/home/prp/thesis/thesis_ws/install/sound_detection/lib'
[0.805s] Level 1:colcon.colcon_core.environment:checking '/home/prp/thesis/thesis_ws/install/sound_detection/bin'
[0.805s] Level 1:colcon.colcon_core.environment:checking '/home/prp/thesis/thesis_ws/install/sound_detection/lib/pkgconfig/sound_detection.pc'
[0.805s] Level 1:colcon.colcon_core.environment:checking '/home/prp/thesis/thesis_ws/install/sound_detection/lib/python3.10/site-packages'
[0.805s] Level 1:colcon.colcon_core.shell:create_environment_hook('sound_detection', 'pythonpath')
[0.805s] INFO:colcon.colcon_core.shell:Creating environment hook '/home/prp/thesis/thesis_ws/install/sound_detection/share/sound_detection/hook/pythonpath.ps1'
[0.805s] INFO:colcon.colcon_core.shell:Creating environment descriptor '/home/prp/thesis/thesis_ws/install/sound_detection/share/sound_detection/hook/pythonpath.dsv'
[0.806s] INFO:colcon.colcon_core.shell:Creating environment hook '/home/prp/thesis/thesis_ws/install/sound_detection/share/sound_detection/hook/pythonpath.sh'
[0.806s] Level 1:colcon.colcon_core.environment:checking '/home/prp/thesis/thesis_ws/install/sound_detection/bin'
[0.806s] Level 1:colcon.colcon_core.environment:create_environment_scripts_only(sound_detection)
[0.806s] INFO:colcon.colcon_core.shell:Creating package script '/home/prp/thesis/thesis_ws/install/sound_detection/share/sound_detection/package.ps1'
[0.807s] INFO:colcon.colcon_core.shell:Creating package descriptor '/home/prp/thesis/thesis_ws/install/sound_detection/share/sound_detection/package.dsv'
[0.808s] INFO:colcon.colcon_core.shell:Creating package script '/home/prp/thesis/thesis_ws/install/sound_detection/share/sound_detection/package.sh'
[0.808s] INFO:colcon.colcon_core.shell:Creating package script '/home/prp/thesis/thesis_ws/install/sound_detection/share/sound_detection/package.bash'
[0.809s] INFO:colcon.colcon_core.shell:Creating package script '/home/prp/thesis/thesis_ws/install/sound_detection/share/sound_detection/package.zsh'
[0.810s] Level 1:colcon.colcon_core.environment:create_file_with_runtime_dependencies(/home/prp/thesis/thesis_ws/install/sound_detection/share/colcon-core/packages/sound_detection)
[0.810s] Level 1:colcon.colcon_core.environment:checking '/home/prp/thesis/thesis_ws/install/yolo_detection' for CMake module files
[0.811s] Level 1:colcon.colcon_core.environment:checking '/home/prp/thesis/thesis_ws/install/yolo_detection' for CMake config files
[0.811s] DEBUG:colcon.colcon_core.event_handler.log_command:Invoked command in '/home/prp/thesis/thesis_ws/src/yolo_detection' returned '0': PS1=(detection_yolo) PYTHONPATH=/home/prp/thesis/thesis_ws/build/yolo_detection/prefix_override:/home/prp/detection_yolo/lib/python3.10/site-packages/colcon_core/task/python/colcon_distutils_commands:/home/prp/thesis/thesis_ws/install/yolo_detection/lib/python3.10/site-packages:${PYTHONPATH} VIRTUAL_ENV_PROMPT=(detection_yolo) /home/prp/detection_yolo/bin/python3 -W ignore:setup.py install is deprecated -W ignore:easy_install command is deprecated setup.py egg_info --egg-base ../../build/yolo_detection build --build-base /home/prp/thesis/thesis_ws/build/yolo_detection/build install --record /home/prp/thesis/thesis_ws/build/yolo_detection/install.log --single-version-externally-managed install_data
[0.811s] Level 1:colcon.colcon_core.environment:checking '/home/prp/thesis/thesis_ws/install/yolo_detection/lib'
[0.811s] Level 1:colcon.colcon_core.environment:checking '/home/prp/thesis/thesis_ws/install/yolo_detection/bin'
[0.811s] Level 1:colcon.colcon_core.environment:checking '/home/prp/thesis/thesis_ws/install/yolo_detection/lib/pkgconfig/yolo_detection.pc'
[0.811s] Level 1:colcon.colcon_core.environment:checking '/home/prp/thesis/thesis_ws/install/yolo_detection/lib/python3.10/site-packages'
[0.811s] Level 1:colcon.colcon_core.shell:create_environment_hook('yolo_detection', 'pythonpath')
[0.811s] INFO:colcon.colcon_core.shell:Creating environment hook '/home/prp/thesis/thesis_ws/install/yolo_detection/share/yolo_detection/hook/pythonpath.ps1'
[0.812s] INFO:colcon.colcon_core.shell:Creating environment descriptor '/home/prp/thesis/thesis_ws/install/yolo_detection/share/yolo_detection/hook/pythonpath.dsv'
[0.812s] INFO:colcon.colcon_core.shell:Creating environment hook '/home/prp/thesis/thesis_ws/install/yolo_detection/share/yolo_detection/hook/pythonpath.sh'
[0.812s] Level 1:colcon.colcon_core.environment:checking '/home/prp/thesis/thesis_ws/install/yolo_detection/bin'
[0.812s] Level 1:colcon.colcon_core.environment:create_environment_scripts_only(yolo_detection)
[0.812s] INFO:colcon.colcon_core.shell:Creating package script '/home/prp/thesis/thesis_ws/install/yolo_detection/share/yolo_detection/package.ps1'
[0.813s] INFO:colcon.colcon_core.shell:Creating package descriptor '/home/prp/thesis/thesis_ws/install/yolo_detection/share/yolo_detection/package.dsv'
[0.813s] INFO:colcon.colcon_core.shell:Creating package script '/home/prp/thesis/thesis_ws/install/yolo_detection/share/yolo_detection/package.sh'
[0.813s] INFO:colcon.colcon_core.shell:Creating package script '/home/prp/thesis/thesis_ws/install/yolo_detection/share/yolo_detection/package.bash'
[0.814s] INFO:colcon.colcon_core.shell:Creating package script '/home/prp/thesis/thesis_ws/install/yolo_detection/share/yolo_detection/package.zsh'
[0.814s] Level 1:colcon.colcon_core.environment:create_file_with_runtime_dependencies(/home/prp/thesis/thesis_ws/install/yolo_detection/share/colcon-core/packages/yolo_detection)
[0.814s] Level 1:colcon.colcon_core.environment:checking '/home/prp/thesis/thesis_ws/install/decision_layer' for CMake module files
[0.814s] Level 1:colcon.colcon_core.environment:checking '/home/prp/thesis/thesis_ws/install/decision_layer' for CMake config files
[0.815s] DEBUG:colcon.colcon_core.event_handler.log_command:Invoked command in '/home/prp/thesis/thesis_ws/src/decision_layer' returned '0': PS1=(detection_yolo) PYTHONPATH=/home/prp/thesis/thesis_ws/build/decision_layer/prefix_override:/home/prp/detection_yolo/lib/python3.10/site-packages/colcon_core/task/python/colcon_distutils_commands:/home/prp/thesis/thesis_ws/install/decision_layer/lib/python3.10/site-packages:${PYTHONPATH} VIRTUAL_ENV_PROMPT=(detection_yolo) /home/prp/detection_yolo/bin/python3 -W ignore:setup.py install is deprecated -W ignore:easy_install command is deprecated setup.py egg_info --egg-base ../../build/decision_layer build --build-base /home/prp/thesis/thesis_ws/build/decision_layer/build install --record /home/prp/thesis/thesis_ws/build/decision_layer/install.log --single-version-externally-managed install_data
[0.815s] Level 1:colcon.colcon_core.environment:checking '/home/prp/thesis/thesis_ws/install/decision_layer/lib'
[0.815s] Level 1:colcon.colcon_core.environment:checking '/home/prp/thesis/thesis_ws/install/decision_layer/bin'
[0.815s] Level 1:colcon.colcon_core.environment:checking '/home/prp/thesis/thesis_ws/install/decision_layer/lib/pkgconfig/decision_layer.pc'
[0.815s] Level 1:colcon.colcon_core.environment:checking '/home/prp/thesis/thesis_ws/install/decision_layer/lib/python3.10/site-packages'
[0.815s] Level 1:colcon.colcon_core.shell:create_environment_hook('decision_layer', 'pythonpath')
[0.815s] INFO:colcon.colcon_core.shell:Creating environment hook '/home/prp/thesis/thesis_ws/install/decision_layer/share/decision_layer/hook/pythonpath.ps1'
[0.815s] INFO:colcon.colcon_core.shell:Creating environment descriptor '/home/prp/thesis/thesis_ws/install/decision_layer/share/decision_layer/hook/pythonpath.dsv'
[0.816s] INFO:colcon.colcon_core.shell:Creating environment hook '/home/prp/thesis/thesis_ws/install/decision_layer/share/decision_layer/hook/pythonpath.sh'
[0.816s] Level 1:colcon.colcon_core.environment:checking '/home/prp/thesis/thesis_ws/install/decision_layer/bin'
[0.816s] Level 1:colcon.colcon_core.environment:create_environment_scripts_only(decision_layer)
[0.816s] INFO:colcon.colcon_core.shell:Creating package script '/home/prp/thesis/thesis_ws/install/decision_layer/share/decision_layer/package.ps1'
[0.817s] INFO:colcon.colcon_core.shell:Creating package descriptor '/home/prp/thesis/thesis_ws/install/decision_layer/share/decision_layer/package.dsv'
[0.817s] INFO:colcon.colcon_core.shell:Creating package script '/home/prp/thesis/thesis_ws/install/decision_layer/share/decision_layer/package.sh'
[0.817s] INFO:colcon.colcon_core.shell:Creating package script '/home/prp/thesis/thesis_ws/install/decision_layer/share/decision_layer/package.bash'
[0.817s] INFO:colcon.colcon_core.shell:Creating package script '/home/prp/thesis/thesis_ws/install/decision_layer/share/decision_layer/package.zsh'
[0.818s] Level 1:colcon.colcon_core.environment:create_file_with_runtime_dependencies(/home/prp/thesis/thesis_ws/install/decision_layer/share/colcon-core/packages/decision_layer)
[0.818s] DEBUG:colcon.colcon_parallel_executor.executor.parallel:closing loop
[0.818s] DEBUG:colcon.colcon_parallel_executor.executor.parallel:loop closed
[0.818s] DEBUG:colcon.colcon_parallel_executor.executor.parallel:run_until_complete finished with '0'
[0.818s] DEBUG:colcon.colcon_core.event_reactor:joining thread
[0.820s] INFO:colcon.colcon_core.plugin_system:Skipping extension 'colcon_notification.desktop_notification.notify2': 'notify2' not found
[0.820s] INFO:colcon.colcon_core.plugin_system:Skipping extension 'colcon_notification.desktop_notification.terminal_notifier': Not used on non-Darwin systems
[0.820s] INFO:colcon.colcon_core.plugin_system:Skipping extension 'colcon_notification.desktop_notification.win32': Not used on non-Windows systems
[0.820s] INFO:colcon.colcon_notification.desktop_notification:Sending desktop notification using 'notify_send'
[0.831s] DEBUG:colcon.colcon_core.event_reactor:joined thread
[0.831s] INFO:colcon.colcon_core.shell:Creating prefix script '/home/prp/thesis/thesis_ws/install/local_setup.ps1'
[0.832s] INFO:colcon.colcon_core.shell:Creating prefix util module '/home/prp/thesis/thesis_ws/install/_local_setup_util_ps1.py'
[0.833s] INFO:colcon.colcon_core.shell:Creating prefix chain script '/home/prp/thesis/thesis_ws/install/setup.ps1'
[0.834s] INFO:colcon.colcon_core.shell:Creating prefix script '/home/prp/thesis/thesis_ws/install/local_setup.sh'
[0.835s] INFO:colcon.colcon_core.shell:Creating prefix util module '/home/prp/thesis/thesis_ws/install/_local_setup_util_sh.py'
[0.835s] INFO:colcon.colcon_core.shell:Creating prefix chain script '/home/prp/thesis/thesis_ws/install/setup.sh'
[0.836s] INFO:colcon.colcon_core.shell:Creating prefix script '/home/prp/thesis/thesis_ws/install/local_setup.bash'
[0.836s] INFO:colcon.colcon_core.shell:Creating prefix chain script '/home/prp/thesis/thesis_ws/install/setup.bash'
[0.837s] INFO:colcon.colcon_core.shell:Creating prefix script '/home/prp/thesis/thesis_ws/install/local_setup.zsh'
[0.837s] INFO:colcon.colcon_core.shell:Creating prefix chain script '/home/prp/thesis/thesis_ws/install/setup.zsh'
