running egg_info
writing ../../build/sound_detection/sound_detection.egg-info/PKG-INFO
writing dependency_links to ../../build/sound_detection/sound_detection.egg-info/dependency_links.txt
writing entry points to ../../build/sound_detection/sound_detection.egg-info/entry_points.txt
writing requirements to ../../build/sound_detection/sound_detection.egg-info/requires.txt
writing top-level names to ../../build/sound_detection/sound_detection.egg-info/top_level.txt
reading manifest file '../../build/sound_detection/sound_detection.egg-info/SOURCES.txt'
writing manifest file '../../build/sound_detection/sound_detection.egg-info/SOURCES.txt'
running build
running build_py
copying sound_detection/sound_presence_detector_node.py -> /home/prp/thesis/thesis_ws/build/sound_detection/build/lib/sound_detection
copying sound_detection/fake_audio_source_node.py -> /home/prp/thesis/thesis_ws/build/sound_detection/build/lib/sound_detection
running install
running install_lib
copying /home/prp/thesis/thesis_ws/build/sound_detection/build/lib/sound_detection/sound_presence_detector_node.py -> /home/prp/thesis/thesis_ws/install/sound_detection/lib/python3.10/site-packages/sound_detection
copying /home/prp/thesis/thesis_ws/build/sound_detection/build/lib/sound_detection/fake_audio_source_node.py -> /home/prp/thesis/thesis_ws/install/sound_detection/lib/python3.10/site-packages/sound_detection
byte-compiling /home/prp/thesis/thesis_ws/install/sound_detection/lib/python3.10/site-packages/sound_detection/sound_presence_detector_node.py to sound_presence_detector_node.cpython-310.pyc
byte-compiling /home/prp/thesis/thesis_ws/install/sound_detection/lib/python3.10/site-packages/sound_detection/fake_audio_source_node.py to fake_audio_source_node.cpython-310.pyc
running install_data
running install_egg_info
removing '/home/prp/thesis/thesis_ws/install/sound_detection/lib/python3.10/site-packages/sound_detection-0.0.0-py3.10.egg-info' (and everything under it)
Copying ../../build/sound_detection/sound_detection.egg-info to /home/prp/thesis/thesis_ws/install/sound_detection/lib/python3.10/site-packages/sound_detection-0.0.0-py3.10.egg-info
running install_scripts
Installing fake_audio_source_node script to /home/prp/thesis/thesis_ws/install/sound_detection/lib/sound_detection
Installing sound_presence_detector_node script to /home/prp/thesis/thesis_ws/install/sound_detection/lib/sound_detection
writing list of installed files to '/home/prp/thesis/thesis_ws/build/sound_detection/install.log'
