[0.529s] Invoking command in '/home/prp/thesis/thesis_ws/src/yolo_detection': PYTHONPATH=/home/prp/thesis/thesis_ws/build/yolo_detection/prefix_override:/usr/lib/python3/dist-packages/colcon_core/task/python/colcon_distutils_commands:/home/prp/thesis/thesis_ws/install/yolo_detection/lib/python3.10/site-packages:${PYTHONPATH} /usr/bin/python3 -W ignore:setup.py install is deprecated -W ignore:easy_install command is deprecated setup.py egg_info --egg-base ../../build/yolo_detection build --build-base /home/prp/thesis/thesis_ws/build/yolo_detection/build install --record /home/prp/thesis/thesis_ws/build/yolo_detection/install.log --single-version-externally-managed install_data
[0.639s] running egg_info
[0.639s] writing ../../build/yolo_detection/yolo_detection.egg-info/PKG-INFO
[0.639s] writing dependency_links to ../../build/yolo_detection/yolo_detection.egg-info/dependency_links.txt
[0.639s] writing entry points to ../../build/yolo_detection/yolo_detection.egg-info/entry_points.txt
[0.639s] writing requirements to ../../build/yolo_detection/yolo_detection.egg-info/requires.txt
[0.640s] writing top-level names to ../../build/yolo_detection/yolo_detection.egg-info/top_level.txt
[0.640s] reading manifest file '../../build/yolo_detection/yolo_detection.egg-info/SOURCES.txt'
[0.643s] writing manifest file '../../build/yolo_detection/yolo_detection.egg-info/SOURCES.txt'
[0.643s] running build
[0.643s] running build_py
[0.643s] copying yolo_detection/vision_detector.py -> /home/prp/thesis/thesis_ws/build/yolo_detection/build/lib/yolo_detection
[0.643s] copying yolo_detection/fake_image_source_node.py -> /home/prp/thesis/thesis_ws/build/yolo_detection/build/lib/yolo_detection
[0.644s] running install
[0.644s] running install_lib
[0.644s] copying /home/prp/thesis/thesis_ws/build/yolo_detection/build/lib/yolo_detection/vision_detector.py -> /home/prp/thesis/thesis_ws/install/yolo_detection/lib/python3.10/site-packages/yolo_detection
[0.644s] copying /home/prp/thesis/thesis_ws/build/yolo_detection/build/lib/yolo_detection/fake_image_source_node.py -> /home/prp/thesis/thesis_ws/install/yolo_detection/lib/python3.10/site-packages/yolo_detection
[0.644s] byte-compiling /home/prp/thesis/thesis_ws/install/yolo_detection/lib/python3.10/site-packages/yolo_detection/vision_detector.py to vision_detector.cpython-310.pyc
[0.646s] byte-compiling /home/prp/thesis/thesis_ws/install/yolo_detection/lib/python3.10/site-packages/yolo_detection/fake_image_source_node.py to fake_image_source_node.cpython-310.pyc
[0.647s] running install_data
[0.647s] copying pictures/drone.jpg -> /home/prp/thesis/thesis_ws/install/yolo_detection/share/yolo_detection/pictures
[0.647s] running install_egg_info
[0.648s] removing '/home/prp/thesis/thesis_ws/install/yolo_detection/lib/python3.10/site-packages/yolo_detection-0.0.0-py3.10.egg-info' (and everything under it)
[0.648s] Copying ../../build/yolo_detection/yolo_detection.egg-info to /home/prp/thesis/thesis_ws/install/yolo_detection/lib/python3.10/site-packages/yolo_detection-0.0.0-py3.10.egg-info
[0.648s] running install_scripts
[0.660s] Installing fake_image_source_node script to /home/prp/thesis/thesis_ws/install/yolo_detection/lib/yolo_detection
[0.660s] Installing vision_detector script to /home/prp/thesis/thesis_ws/install/yolo_detection/lib/yolo_detection
[0.660s] writing list of installed files to '/home/prp/thesis/thesis_ws/build/yolo_detection/install.log'
[0.693s] Invoked command in '/home/prp/thesis/thesis_ws/src/yolo_detection' returned '0': PYTHONPATH=/home/prp/thesis/thesis_ws/build/yolo_detection/prefix_override:/usr/lib/python3/dist-packages/colcon_core/task/python/colcon_distutils_commands:/home/prp/thesis/thesis_ws/install/yolo_detection/lib/python3.10/site-packages:${PYTHONPATH} /usr/bin/python3 -W ignore:setup.py install is deprecated -W ignore:easy_install command is deprecated setup.py egg_info --egg-base ../../build/yolo_detection build --build-base /home/prp/thesis/thesis_ws/build/yolo_detection/build install --record /home/prp/thesis/thesis_ws/build/yolo_detection/install.log --single-version-externally-managed install_data
