[0.351s] Invoking command in '/home/prp/thesis/thesis_ws/src/sound_detection': PS1=(detection_yolo) \[\e]0;\u@\h: \w\a\]${debian_chroot:+($debian_chroot)}\[\033[01;32m\]\u@\h\[\033[00m\]:\[\033[01;34m\]\w\[\033[00m\]\$ PYTHONPATH=/home/prp/thesis/thesis_ws/build/sound_detection/prefix_override:/home/prp/detection_yolo/lib/python3.10/site-packages/colcon_core/task/python/colcon_distutils_commands:/home/prp/thesis/thesis_ws/install/sound_detection/lib/python3.10/site-packages:${PYTHONPATH} VIRTUAL_ENV_PROMPT=(detection_yolo) /home/prp/detection_yolo/bin/python3 -W ignore:setup.py install is deprecated -W ignore:easy_install command is deprecated setup.py egg_info --egg-base ../../build/sound_detection build --build-base /home/prp/thesis/thesis_ws/build/sound_detection/build install --record /home/prp/thesis/thesis_ws/build/sound_detection/install.log --single-version-externally-managed install_data
[0.440s] running egg_info
[0.440s] creating ../../build/sound_detection/sound_detection.egg-info
[0.440s] writing ../../build/sound_detection/sound_detection.egg-info/PKG-INFO
[0.440s] writing dependency_links to ../../build/sound_detection/sound_detection.egg-info/dependency_links.txt
[0.440s] writing entry points to ../../build/sound_detection/sound_detection.egg-info/entry_points.txt
[0.440s] writing requirements to ../../build/sound_detection/sound_detection.egg-info/requires.txt
[0.440s] writing top-level names to ../../build/sound_detection/sound_detection.egg-info/top_level.txt
[0.440s] writing manifest file '../../build/sound_detection/sound_detection.egg-info/SOURCES.txt'
[0.441s] reading manifest file '../../build/sound_detection/sound_detection.egg-info/SOURCES.txt'
[0.442s] writing manifest file '../../build/sound_detection/sound_detection.egg-info/SOURCES.txt'
[0.442s] running build
[0.442s] running build_py
[0.442s] creating /home/prp/thesis/thesis_ws/build/sound_detection/build
[0.442s] creating /home/prp/thesis/thesis_ws/build/sound_detection/build/lib
[0.442s] creating /home/prp/thesis/thesis_ws/build/sound_detection/build/lib/sound_detection
[0.442s] copying sound_detection/__init__.py -> /home/prp/thesis/thesis_ws/build/sound_detection/build/lib/sound_detection
[0.442s] copying sound_detection/sound_presence_detector_node.py -> /home/prp/thesis/thesis_ws/build/sound_detection/build/lib/sound_detection
[0.442s] copying sound_detection/fake_audio_source_node.py -> /home/prp/thesis/thesis_ws/build/sound_detection/build/lib/sound_detection
[0.442s] running install
[0.442s] running install_lib
[0.442s] creating /home/prp/thesis/thesis_ws/install/sound_detection/lib/python3.10/site-packages/sound_detection
[0.442s] copying /home/prp/thesis/thesis_ws/build/sound_detection/build/lib/sound_detection/__init__.py -> /home/prp/thesis/thesis_ws/install/sound_detection/lib/python3.10/site-packages/sound_detection
[0.442s] copying /home/prp/thesis/thesis_ws/build/sound_detection/build/lib/sound_detection/sound_presence_detector_node.py -> /home/prp/thesis/thesis_ws/install/sound_detection/lib/python3.10/site-packages/sound_detection
[0.442s] copying /home/prp/thesis/thesis_ws/build/sound_detection/build/lib/sound_detection/fake_audio_source_node.py -> /home/prp/thesis/thesis_ws/install/sound_detection/lib/python3.10/site-packages/sound_detection
[0.442s] byte-compiling /home/prp/thesis/thesis_ws/install/sound_detection/lib/python3.10/site-packages/sound_detection/__init__.py to __init__.cpython-310.pyc
[0.443s] byte-compiling /home/prp/thesis/thesis_ws/install/sound_detection/lib/python3.10/site-packages/sound_detection/sound_presence_detector_node.py to sound_presence_detector_node.cpython-310.pyc
[0.443s] byte-compiling /home/prp/thesis/thesis_ws/install/sound_detection/lib/python3.10/site-packages/sound_detection/fake_audio_source_node.py to fake_audio_source_node.cpython-310.pyc
[0.443s] running install_data
[0.443s] creating /home/prp/thesis/thesis_ws/install/sound_detection/share/ament_index
[0.443s] creating /home/prp/thesis/thesis_ws/install/sound_detection/share/ament_index/resource_index
[0.443s] creating /home/prp/thesis/thesis_ws/install/sound_detection/share/ament_index/resource_index/packages
[0.443s] copying resource/sound_detection -> /home/prp/thesis/thesis_ws/install/sound_detection/share/ament_index/resource_index/packages
[0.443s] copying package.xml -> /home/prp/thesis/thesis_ws/install/sound_detection/share/sound_detection
[0.443s] running install_egg_info
[0.444s] Copying ../../build/sound_detection/sound_detection.egg-info to /home/prp/thesis/thesis_ws/install/sound_detection/lib/python3.10/site-packages/sound_detection-0.0.0-py3.10.egg-info
[0.444s] running install_scripts
[0.453s] Installing fake_audio_source_node script to /home/prp/thesis/thesis_ws/install/sound_detection/lib/sound_detection
[0.453s] Installing sound_presence_detector_node script to /home/prp/thesis/thesis_ws/install/sound_detection/lib/sound_detection
[0.453s] writing list of installed files to '/home/prp/thesis/thesis_ws/build/sound_detection/install.log'
[0.465s] Invoked command in '/home/prp/thesis/thesis_ws/src/sound_detection' returned '0': PS1=(detection_yolo) \[\e]0;\u@\h: \w\a\]${debian_chroot:+($debian_chroot)}\[\033[01;32m\]\u@\h\[\033[00m\]:\[\033[01;34m\]\w\[\033[00m\]\$ PYTHONPATH=/home/prp/thesis/thesis_ws/build/sound_detection/prefix_override:/home/prp/detection_yolo/lib/python3.10/site-packages/colcon_core/task/python/colcon_distutils_commands:/home/prp/thesis/thesis_ws/install/sound_detection/lib/python3.10/site-packages:${PYTHONPATH} VIRTUAL_ENV_PROMPT=(detection_yolo) /home/prp/detection_yolo/bin/python3 -W ignore:setup.py install is deprecated -W ignore:easy_install command is deprecated setup.py egg_info --egg-base ../../build/sound_detection build --build-base /home/prp/thesis/thesis_ws/build/sound_detection/build install --record /home/prp/thesis/thesis_ws/build/sound_detection/install.log --single-version-externally-managed install_data
