running egg_info
creating ../../build/decision_layer/decision_layer.egg-info
writing ../../build/decision_layer/decision_layer.egg-info/PKG-INFO
writing dependency_links to ../../build/decision_layer/decision_layer.egg-info/dependency_links.txt
writing entry points to ../../build/decision_layer/decision_layer.egg-info/entry_points.txt
writing requirements to ../../build/decision_layer/decision_layer.egg-info/requires.txt
writing top-level names to ../../build/decision_layer/decision_layer.egg-info/top_level.txt
writing manifest file '../../build/decision_layer/decision_layer.egg-info/SOURCES.txt'
reading manifest file '../../build/decision_layer/decision_layer.egg-info/SOURCES.txt'
writing manifest file '../../build/decision_layer/decision_layer.egg-info/SOURCES.txt'
running build
running build_py
creating /home/prp/thesis/thesis_ws/build/decision_layer/build
creating /home/prp/thesis/thesis_ws/build/decision_layer/build/lib
creating /home/prp/thesis/thesis_ws/build/decision_layer/build/lib/decision_layer
copying decision_layer/__init__.py -> /home/prp/thesis/thesis_ws/build/decision_layer/build/lib/decision_layer
copying decision_layer/decision_node.py -> /home/prp/thesis/thesis_ws/build/decision_layer/build/lib/decision_layer
running install
running install_lib
creating /home/prp/thesis/thesis_ws/install/decision_layer/lib/python3.10/site-packages/decision_layer
copying /home/prp/thesis/thesis_ws/build/decision_layer/build/lib/decision_layer/__init__.py -> /home/prp/thesis/thesis_ws/install/decision_layer/lib/python3.10/site-packages/decision_layer
copying /home/prp/thesis/thesis_ws/build/decision_layer/build/lib/decision_layer/decision_node.py -> /home/prp/thesis/thesis_ws/install/decision_layer/lib/python3.10/site-packages/decision_layer
byte-compiling /home/prp/thesis/thesis_ws/install/decision_layer/lib/python3.10/site-packages/decision_layer/__init__.py to __init__.cpython-310.pyc
byte-compiling /home/prp/thesis/thesis_ws/install/decision_layer/lib/python3.10/site-packages/decision_layer/decision_node.py to decision_node.cpython-310.pyc
running install_data
creating /home/prp/thesis/thesis_ws/install/decision_layer/share/ament_index
creating /home/prp/thesis/thesis_ws/install/decision_layer/share/ament_index/resource_index
creating /home/prp/thesis/thesis_ws/install/decision_layer/share/ament_index/resource_index/packages
copying resource/decision_layer -> /home/prp/thesis/thesis_ws/install/decision_layer/share/ament_index/resource_index/packages
copying package.xml -> /home/prp/thesis/thesis_ws/install/decision_layer/share/decision_layer
creating /home/prp/thesis/thesis_ws/install/decision_layer/share/decision_layer/config
copying config/decision_node.yaml -> /home/prp/thesis/thesis_ws/install/decision_layer/share/decision_layer/config
creating /home/prp/thesis/thesis_ws/install/decision_layer/share/decision_layer/launch
copying launch/decision_node.launch.py -> /home/prp/thesis/thesis_ws/install/decision_layer/share/decision_layer/launch
running install_egg_info
Copying ../../build/decision_layer/decision_layer.egg-info to /home/prp/thesis/thesis_ws/install/decision_layer/lib/python3.10/site-packages/decision_layer-0.0.0-py3.10.egg-info
running install_scripts
Installing decision_node script to /home/prp/thesis/thesis_ws/install/decision_layer/lib/decision_layer
writing list of installed files to '/home/prp/thesis/thesis_ws/build/decision_layer/install.log'
