[0.498s] Invoking command in '/home/prp/thesis/thesis_ws/src/sound_detection': PS1=(detection_yolo) PYTHONPATH=/home/prp/thesis/thesis_ws/build/sound_detection/prefix_override:/home/prp/detection_yolo/lib/python3.10/site-packages/colcon_core/task/python/colcon_distutils_commands:/home/prp/thesis/thesis_ws/install/sound_detection/lib/python3.10/site-packages:${PYTHONPATH} VIRTUAL_ENV_PROMPT=(detection_yolo) /home/prp/detection_yolo/bin/python3 -W ignore:setup.py install is deprecated -W ignore:easy_install command is deprecated setup.py egg_info --egg-base ../../build/sound_detection build --build-base /home/prp/thesis/thesis_ws/build/sound_detection/build install --record /home/prp/thesis/thesis_ws/build/sound_detection/install.log --single-version-externally-managed install_data
[0.591s] running egg_info
[0.592s] writing ../../build/sound_detection/sound_detection.egg-info/PKG-INFO
[0.592s] writing dependency_links to ../../build/sound_detection/sound_detection.egg-info/dependency_links.txt
[0.592s] writing entry points to ../../build/sound_detection/sound_detection.egg-info/entry_points.txt
[0.592s] writing requirements to ../../build/sound_detection/sound_detection.egg-info/requires.txt
[0.592s] writing top-level names to ../../build/sound_detection/sound_detection.egg-info/top_level.txt
[0.593s] reading manifest file '../../build/sound_detection/sound_detection.egg-info/SOURCES.txt'
[0.593s] writing manifest file '../../build/sound_detection/sound_detection.egg-info/SOURCES.txt'
[0.593s] running build
[0.593s] running build_py
[0.593s] running install
[0.593s] running install_lib
[0.594s] running install_data
[0.594s] running install_egg_info
[0.595s] removing '/home/prp/thesis/thesis_ws/install/sound_detection/lib/python3.10/site-packages/sound_detection-0.0.0-py3.10.egg-info' (and everything under it)
[0.595s] Copying ../../build/sound_detection/sound_detection.egg-info to /home/prp/thesis/thesis_ws/install/sound_detection/lib/python3.10/site-packages/sound_detection-0.0.0-py3.10.egg-info
[0.595s] running install_scripts
[0.604s] Installing fake_audio_source_node script to /home/prp/thesis/thesis_ws/install/sound_detection/lib/sound_detection
[0.604s] Installing sound_presence_detector_node script to /home/prp/thesis/thesis_ws/install/sound_detection/lib/sound_detection
[0.604s] writing list of installed files to '/home/prp/thesis/thesis_ws/build/sound_detection/install.log'
[0.626s] Invoked command in '/home/prp/thesis/thesis_ws/src/sound_detection' returned '0': PS1=(detection_yolo) PYTHONPATH=/home/prp/thesis/thesis_ws/build/sound_detection/prefix_override:/home/prp/detection_yolo/lib/python3.10/site-packages/colcon_core/task/python/colcon_distutils_commands:/home/prp/thesis/thesis_ws/install/sound_detection/lib/python3.10/site-packages:${PYTHONPATH} VIRTUAL_ENV_PROMPT=(detection_yolo) /home/prp/detection_yolo/bin/python3 -W ignore:setup.py install is deprecated -W ignore:easy_install command is deprecated setup.py egg_info --egg-base ../../build/sound_detection build --build-base /home/prp/thesis/thesis_ws/build/sound_detection/build install --record /home/prp/thesis/thesis_ws/build/sound_detection/install.log --single-version-externally-managed install_data
