[0.504s] Invoking command in '/home/prp/thesis/thesis_ws/src/decision_layer': PS1=(detection_yolo) PYTHONPATH=/home/prp/thesis/thesis_ws/build/decision_layer/prefix_override:/home/prp/detection_yolo/lib/python3.10/site-packages/colcon_core/task/python/colcon_distutils_commands:/home/prp/thesis/thesis_ws/install/decision_layer/lib/python3.10/site-packages:${PYTHONPATH} VIRTUAL_ENV_PROMPT=(detection_yolo) /home/prp/detection_yolo/bin/python3 -W ignore:setup.py install is deprecated -W ignore:easy_install command is deprecated setup.py egg_info --egg-base ../../build/decision_layer build --build-base /home/prp/thesis/thesis_ws/build/decision_layer/build install --record /home/prp/thesis/thesis_ws/build/decision_layer/install.log --single-version-externally-managed install_data
[0.607s] running egg_info
[0.608s] writing ../../build/decision_layer/decision_layer.egg-info/PKG-INFO
[0.608s] writing dependency_links to ../../build/decision_layer/decision_layer.egg-info/dependency_links.txt
[0.608s] writing entry points to ../../build/decision_layer/decision_layer.egg-info/entry_points.txt
[0.608s] writing requirements to ../../build/decision_layer/decision_layer.egg-info/requires.txt
[0.608s] writing top-level names to ../../build/decision_layer/decision_layer.egg-info/top_level.txt
[0.608s] reading manifest file '../../build/decision_layer/decision_layer.egg-info/SOURCES.txt'
[0.609s] writing manifest file '../../build/decision_layer/decision_layer.egg-info/SOURCES.txt'
[0.609s] running build
[0.609s] running build_py
[0.609s] running install
[0.609s] running install_lib
[0.610s] running install_data
[0.610s] running install_egg_info
[0.611s] removing '/home/prp/thesis/thesis_ws/install/decision_layer/lib/python3.10/site-packages/decision_layer-0.0.0-py3.10.egg-info' (and everything under it)
[0.611s] Copying ../../build/decision_layer/decision_layer.egg-info to /home/prp/thesis/thesis_ws/install/decision_layer/lib/python3.10/site-packages/decision_layer-0.0.0-py3.10.egg-info
[0.611s] running install_scripts
[0.634s] Installing decision_node script to /home/prp/thesis/thesis_ws/install/decision_layer/lib/decision_layer
[0.634s] writing list of installed files to '/home/prp/thesis/thesis_ws/build/decision_layer/install.log'
[0.641s] Invoked command in '/home/prp/thesis/thesis_ws/src/decision_layer' returned '0': PS1=(detection_yolo) PYTHONPATH=/home/prp/thesis/thesis_ws/build/decision_layer/prefix_override:/home/prp/detection_yolo/lib/python3.10/site-packages/colcon_core/task/python/colcon_distutils_commands:/home/prp/thesis/thesis_ws/install/decision_layer/lib/python3.10/site-packages:${PYTHONPATH} VIRTUAL_ENV_PROMPT=(detection_yolo) /home/prp/detection_yolo/bin/python3 -W ignore:setup.py install is deprecated -W ignore:easy_install command is deprecated setup.py egg_info --egg-base ../../build/decision_layer build --build-base /home/prp/thesis/thesis_ws/build/decision_layer/build install --record /home/prp/thesis/thesis_ws/build/decision_layer/install.log --single-version-externally-managed install_data
