running egg_info
writing ../../build/decision_layer/decision_layer.egg-info/PKG-INFO
writing dependency_links to ../../build/decision_layer/decision_layer.egg-info/dependency_links.txt
writing entry points to ../../build/decision_layer/decision_layer.egg-info/entry_points.txt
writing requirements to ../../build/decision_layer/decision_layer.egg-info/requires.txt
writing top-level names to ../../build/decision_layer/decision_layer.egg-info/top_level.txt
reading manifest file '../../build/decision_layer/decision_layer.egg-info/SOURCES.txt'
writing manifest file '../../build/decision_layer/decision_layer.egg-info/SOURCES.txt'
running build
running build_py
copying decision_layer/decision_node.py -> /home/prp/thesis/thesis_ws/build/decision_layer/build/lib/decision_layer
running install
running install_lib
copying /home/prp/thesis/thesis_ws/build/decision_layer/build/lib/decision_layer/decision_node.py -> /home/prp/thesis/thesis_ws/install/decision_layer/lib/python3.10/site-packages/decision_layer
byte-compiling /home/prp/thesis/thesis_ws/install/decision_layer/lib/python3.10/site-packages/decision_layer/decision_node.py to decision_node.cpython-310.pyc
running install_data
copying config/decision_node.yaml -> /home/prp/thesis/thesis_ws/install/decision_layer/share/decision_layer/config
running install_egg_info
removing '/home/prp/thesis/thesis_ws/install/decision_layer/lib/python3.10/site-packages/decision_layer-0.0.0-py3.10.egg-info' (and everything under it)
Copying ../../build/decision_layer/decision_layer.egg-info to /home/prp/thesis/thesis_ws/install/decision_layer/lib/python3.10/site-packages/decision_layer-0.0.0-py3.10.egg-info
running install_scripts
Installing decision_node script to /home/prp/thesis/thesis_ws/install/decision_layer/lib/decision_layer
writing list of installed files to '/home/prp/thesis/thesis_ws/build/decision_layer/install.log'
