[0.668s] Invoking command in '/home/prp/thesis/thesis_ws/src/sound_detection': PYTHONPATH=/home/prp/thesis/thesis_ws/build/sound_detection/prefix_override:/usr/lib/python3/dist-packages/colcon_core/task/python/colcon_distutils_commands:/home/prp/thesis/thesis_ws/install/sound_detection/lib/python3.10/site-packages:${PYTHONPATH} /usr/bin/python3 -W ignore:setup.py install is deprecated -W ignore:easy_install command is deprecated setup.py egg_info --egg-base ../../build/sound_detection build --build-base /home/prp/thesis/thesis_ws/build/sound_detection/build install --record /home/prp/thesis/thesis_ws/build/sound_detection/install.log --single-version-externally-managed install_data
[0.791s] running egg_info
[0.791s] writing ../../build/sound_detection/sound_detection.egg-info/PKG-INFO
[0.791s] writing dependency_links to ../../build/sound_detection/sound_detection.egg-info/dependency_links.txt
[0.791s] writing entry points to ../../build/sound_detection/sound_detection.egg-info/entry_points.txt
[0.791s] writing requirements to ../../build/sound_detection/sound_detection.egg-info/requires.txt
[0.791s] writing top-level names to ../../build/sound_detection/sound_detection.egg-info/top_level.txt
[0.792s] reading manifest file '../../build/sound_detection/sound_detection.egg-info/SOURCES.txt'
[0.793s] writing manifest file '../../build/sound_detection/sound_detection.egg-info/SOURCES.txt'
[0.793s] running build
[0.793s] running build_py
[0.793s] running install
[0.793s] running install_lib
[0.793s] running install_data
[0.793s] running install_egg_info
[0.794s] removing '/home/prp/thesis/thesis_ws/install/sound_detection/lib/python3.10/site-packages/sound_detection-0.0.0-py3.10.egg-info' (and everything under it)
[0.794s] Copying ../../build/sound_detection/sound_detection.egg-info to /home/prp/thesis/thesis_ws/install/sound_detection/lib/python3.10/site-packages/sound_detection-0.0.0-py3.10.egg-info
[0.794s] running install_scripts
[0.805s] Installing fake_audio_source_node script to /home/prp/thesis/thesis_ws/install/sound_detection/lib/sound_detection
[0.805s] Installing sound_presence_detector_node script to /home/prp/thesis/thesis_ws/install/sound_detection/lib/sound_detection
[0.805s] writing list of installed files to '/home/prp/thesis/thesis_ws/build/sound_detection/install.log'
[0.815s] Invoked command in '/home/prp/thesis/thesis_ws/src/sound_detection' returned '0': PYTHONPATH=/home/prp/thesis/thesis_ws/build/sound_detection/prefix_override:/usr/lib/python3/dist-packages/colcon_core/task/python/colcon_distutils_commands:/home/prp/thesis/thesis_ws/install/sound_detection/lib/python3.10/site-packages:${PYTHONPATH} /usr/bin/python3 -W ignore:setup.py install is deprecated -W ignore:easy_install command is deprecated setup.py egg_info --egg-base ../../build/sound_detection build --build-base /home/prp/thesis/thesis_ws/build/sound_detection/build install --record /home/prp/thesis/thesis_ws/build/sound_detection/install.log --single-version-externally-managed install_data
